  Source.cpp
C:\Users\desktop\source\repos\MasonGame\MasonGame\Game.h(2,10): warning C4067: unexpected tokens following preprocessor directive - expected a newline
C:\Users\desktop\source\repos\MasonGame\MasonGame\Game.h(3,10): warning C4067: unexpected tokens following preprocessor directive - expected a newline
C:\Users\desktop\source\repos\MasonGame\MasonGame\Map.h(90,54): warning C4244: 'argument': conversion from 'unsigned int' to 'T', possible loss of data
          with
          [
              T=float
          ]
C:\Users\desktop\source\repos\MasonGame\MasonGame\Map.h(90,38): warning C4244: 'argument': conversion from 'unsigned int' to 'T', possible loss of data
          with
          [
              T=float
          ]
C:\Users\desktop\source\repos\MasonGame\MasonGame\Map.h(91,60): warning C4244: 'argument': conversion from 'unsigned int' to 'T', possible loss of data
          with
          [
              T=float
          ]
C:\Users\desktop\source\repos\MasonGame\MasonGame\Map.h(91,44): warning C4244: 'argument': conversion from 'unsigned int' to 'T', possible loss of data
          with
          [
              T=float
          ]
C:\Users\desktop\source\repos\MasonGame\MasonGame\Map.h(92,66): warning C4244: 'argument': conversion from 'unsigned int' to 'T', possible loss of data
          with
          [
              T=float
          ]
C:\Users\desktop\source\repos\MasonGame\MasonGame\Map.h(92,44): warning C4244: 'argument': conversion from 'unsigned int' to 'T', possible loss of data
          with
          [
              T=float
          ]
C:\Users\desktop\source\repos\MasonGame\MasonGame\Map.h(93,60): warning C4244: 'argument': conversion from 'unsigned int' to 'T', possible loss of data
          with
          [
              T=float
          ]
C:\Users\desktop\source\repos\MasonGame\MasonGame\Map.h(93,38): warning C4244: 'argument': conversion from 'unsigned int' to 'T', possible loss of data
          with
          [
              T=float
          ]
C:\Users\desktop\source\repos\MasonGame\MasonGame\Map.h(96,57): warning C4244: 'argument': conversion from 'T' to 'T', possible loss of data
          with
          [
              T=unsigned int
          ]
          and
          [
              T=float
          ]
C:\Users\desktop\source\repos\MasonGame\MasonGame\Map.h(96,40): warning C4244: 'argument': conversion from 'T' to 'T', possible loss of data
          with
          [
              T=unsigned int
          ]
          and
          [
              T=float
          ]
C:\Users\desktop\source\repos\MasonGame\MasonGame\Map.h(97,63): warning C4244: 'argument': conversion from 'T' to 'T', possible loss of data
          with
          [
              T=unsigned int
          ]
          and
          [
              T=float
          ]
C:\Users\desktop\source\repos\MasonGame\MasonGame\Map.h(97,46): warning C4244: 'argument': conversion from 'T' to 'T', possible loss of data
          with
          [
              T=unsigned int
          ]
          and
          [
              T=float
          ]
C:\Users\desktop\source\repos\MasonGame\MasonGame\Map.h(98,69): warning C4244: 'argument': conversion from 'T' to 'T', possible loss of data
          with
          [
              T=unsigned int
          ]
          and
          [
              T=float
          ]
C:\Users\desktop\source\repos\MasonGame\MasonGame\Map.h(98,46): warning C4244: 'argument': conversion from 'T' to 'T', possible loss of data
          with
          [
              T=unsigned int
          ]
          and
          [
              T=float
          ]
C:\Users\desktop\source\repos\MasonGame\MasonGame\Map.h(99,63): warning C4244: 'argument': conversion from 'T' to 'T', possible loss of data
          with
          [
              T=unsigned int
          ]
          and
          [
              T=float
          ]
C:\Users\desktop\source\repos\MasonGame\MasonGame\Map.h(99,40): warning C4244: 'argument': conversion from 'T' to 'T', possible loss of data
          with
          [
              T=unsigned int
          ]
          and
          [
              T=float
          ]
  variables.cpp
  Generating code
C:\Users\desktop\source\repos\MasonGame\MasonGame\Map.h(101): warning C4715: 'Map::load': not all control paths return a value
  2 of 278 functions ( 0.7%) were compiled, the rest were copied from previous compilation.
    0 functions were new in current compilation
    1 functions had inline decision re-evaluated but remain unchanged
  Finished generating code
  MasonGame.vcxproj -> C:\Users\desktop\source\repos\MasonGame\x64\Release\MasonGame.exe
